<?xml version="1.0" encoding="UTF-8"?>
<!-- Generated by org.testng.reporters.JUnitReportReporter -->
<testsuite hostname="LAPTOP-GHH1K5IK" name="com.testDemo.testCases.TC_LoginDDT_002" tests="1" failures="0" timestamp="12 May 2020 19:58:45 GMT" time="11.974" errors="0">
  <testcase name="loginDDT" time="11.974" classname="com.testDemo.testCases.TC_LoginDDT_002"/>
</testsuite> <!-- com.testDemo.testCases.TC_LoginDDT_002 -->
